[ERROR] 2018-02-15 19:54:35.352 [main] Database - java.sql.SQLException: Can not issue empty query.
[ERROR] 2018-02-15 19:54:35.707 [main] Database - java.sql.SQLException: Can not issue empty query.
[DEBUG] 2018-02-15 19:54:35.711 [main] PatientDao - Searching for Patient with firstName = Calvin
[ERROR] 2018-02-15 19:54:36.004 [main] Database - java.sql.SQLException: Can not issue empty query.
[DEBUG] 2018-02-15 19:54:36.005 [main] PatientDao - lastname Gerber
[ERROR] 2018-02-15 19:54:36.033 [main] Database - java.sql.SQLException: Can not issue empty query.
[INFO ] 2018-02-15 19:54:36.039 [main] PatientDao - patient Patient {First Name ='Calvinator', Last Name ='Prinsloo', Diagnosis ='iliotibial band syndrome', Referred by='Dr. Venter', Street Name ='415 North Ridge Drive', City        ='Waunakee', State       ='WI', Postal Code ='53597'}
[INFO ] 2018-02-15 19:54:36.079 [main] PatientDaoTest - name should be updated Calvinator
[ERROR] 2018-02-15 19:54:36.098 [main] Database - java.sql.SQLException: Can not issue empty query.
[DEBUG] 2018-02-15 19:54:36.100 [main] PatientDao - lastname 
[ERROR] 2018-02-15 19:54:36.127 [main] Database - java.sql.SQLException: Can not issue empty query.
[ERROR] 2018-02-15 19:54:36.167 [main] Database - java.sql.SQLException: Can not issue empty query.
[ERROR] 2018-02-15 19:58:33.736 [main] Database - java.sql.SQLException: Can not issue empty query.
[ERROR] 2018-02-15 19:58:33.961 [main] Database - java.sql.SQLException: Can not issue empty query.
[DEBUG] 2018-02-15 19:58:33.962 [main] PatientDao - Searching for Patient with firstName = Calvin
[ERROR] 2018-02-15 19:58:34.291 [main] Database - java.sql.SQLException: Can not issue empty query.
[DEBUG] 2018-02-15 19:58:34.291 [main] PatientDao - lastname Gerber
[ERROR] 2018-02-15 19:58:34.320 [main] Database - java.sql.SQLException: Can not issue empty query.
[INFO ] 2018-02-15 19:58:34.326 [main] PatientDao - patient Patient {First Name ='Calvinator', Last Name ='Prinsloo', Diagnosis ='iliotibial band syndrome', Referred by='Dr. Venter', Street Name ='415 North Ridge Drive', City        ='Waunakee', State       ='WI', Postal Code ='53597'}
[INFO ] 2018-02-15 19:58:34.361 [main] PatientDaoTest - name should be updated Calvinator
[ERROR] 2018-02-15 19:58:34.384 [main] Database - java.sql.SQLException: Can not issue empty query.
[DEBUG] 2018-02-15 19:58:34.384 [main] PatientDao - lastname 
[ERROR] 2018-02-15 19:58:34.411 [main] Database - java.sql.SQLException: Can not issue empty query.
[ERROR] 2018-02-15 19:58:34.452 [main] Database - java.sql.SQLException: Can not issue empty query.
[ERROR] 2018-02-15 20:02:58.149 [main] Database - java.sql.SQLException: Can not issue empty query.
[ERROR] 2018-02-15 20:02:58.443 [main] Database - java.sql.SQLException: Can not issue empty query.
[DEBUG] 2018-02-15 20:02:58.444 [main] PatientDao - Searching for Patient with firstName = Calvin
[ERROR] 2018-02-15 20:02:58.784 [main] Database - java.sql.SQLException: Can not issue empty query.
[DEBUG] 2018-02-15 20:02:58.785 [main] PatientDao - lastname Gerber
[ERROR] 2018-02-15 20:02:58.815 [main] Database - java.sql.SQLException: Can not issue empty query.
[INFO ] 2018-02-15 20:02:58.821 [main] PatientDao - patient Patient {First Name ='Calvinator', Last Name ='Prinsloo', Diagnosis ='iliotibial band syndrome', Referred by='Dr. Venter', Street Name ='415 North Ridge Drive', City        ='Waunakee', State       ='WI', Postal Code ='53597'}
[INFO ] 2018-02-15 20:02:58.866 [main] PatientDaoTest - name should be updated Calvinator
[ERROR] 2018-02-15 20:02:58.883 [main] Database - java.sql.SQLException: Can not issue empty query.
[DEBUG] 2018-02-15 20:02:58.884 [main] PatientDao - lastname 
[ERROR] 2018-02-15 20:02:58.913 [main] Database - java.sql.SQLException: Can not issue empty query.
[ERROR] 2018-02-15 20:02:58.954 [main] Database - java.sql.SQLException: Can not issue empty query.
[ERROR] 2018-02-15 20:05:34.983 [main] Database - java.sql.SQLException: Can not issue empty query.
[ERROR] 2018-02-15 20:05:35.238 [main] Database - java.sql.SQLException: Can not issue empty query.
[DEBUG] 2018-02-15 20:05:35.239 [main] PatientDao - Searching for Patient with firstName = Calvin
[ERROR] 2018-02-15 20:05:35.565 [main] Database - java.sql.SQLException: Can not issue empty query.
[DEBUG] 2018-02-15 20:05:35.565 [main] PatientDao - lastname Gerber
[ERROR] 2018-02-15 20:05:35.597 [main] Database - java.sql.SQLException: Can not issue empty query.
[INFO ] 2018-02-15 20:05:35.603 [main] PatientDao - patient Patient {First Name ='Calvinator', Last Name ='Prinsloo', Diagnosis ='iliotibial band syndrome', Referred by='Dr. Venter', Street Name ='415 North Ridge Drive', City        ='Waunakee', State       ='WI', Postal Code ='53597'}
[INFO ] 2018-02-15 20:05:35.645 [main] PatientDaoTest - name should be updated Calvinator
[ERROR] 2018-02-15 20:05:35.672 [main] Database - java.sql.SQLException: Can not issue empty query.
[DEBUG] 2018-02-15 20:05:35.672 [main] PatientDao - lastname 
[ERROR] 2018-02-15 20:05:35.698 [main] Database - java.sql.SQLException: Can not issue empty query.
[ERROR] 2018-02-15 20:05:35.735 [main] Database - java.sql.SQLException: Can not issue empty query.
[ERROR] 2018-02-15 20:08:51.543 [main] Database - java.sql.SQLException: Can not issue empty query.
[ERROR] 2018-02-15 20:08:51.766 [main] Database - java.sql.SQLException: Can not issue empty query.
[DEBUG] 2018-02-15 20:08:51.767 [main] PatientDao - Searching for Patient with firstName = Calvin
[ERROR] 2018-02-15 20:08:52.128 [main] Database - java.sql.SQLException: Can not issue empty query.
[DEBUG] 2018-02-15 20:08:52.129 [main] PatientDao - lastname Gerber
[ERROR] 2018-02-15 20:08:52.157 [main] Database - java.sql.SQLException: Can not issue empty query.
[INFO ] 2018-02-15 20:08:52.163 [main] PatientDao - patient Patient {First Name ='Calvinator', Last Name ='Prinsloo', Diagnosis ='iliotibial band syndrome', Referred by='Dr. Venter', Street Name ='415 North Ridge Drive', City        ='Waunakee', State       ='WI', Postal Code ='53597'}
[INFO ] 2018-02-15 20:08:52.209 [main] PatientDaoTest - name should be updated Calvinator
[ERROR] 2018-02-15 20:08:52.231 [main] Database - java.sql.SQLException: Can not issue empty query.
[DEBUG] 2018-02-15 20:08:52.231 [main] PatientDao - lastname 
[ERROR] 2018-02-15 20:08:52.259 [main] Database - java.sql.SQLException: Can not issue empty query.
[ERROR] 2018-02-15 20:08:52.299 [main] Database - java.sql.SQLException: Can not issue empty query.
[ERROR] 2018-02-15 20:10:14.574 [main] Database - java.sql.SQLException: Can not issue empty query.
[ERROR] 2018-02-15 20:10:14.793 [main] Database - java.sql.SQLException: Can not issue empty query.
[DEBUG] 2018-02-15 20:10:14.794 [main] PatientDao - Searching for Patient with firstName = Calvin
[ERROR] 2018-02-15 20:10:15.106 [main] Database - java.sql.SQLException: Can not issue empty query.
[DEBUG] 2018-02-15 20:10:15.107 [main] PatientDao - lastname Gerber
[ERROR] 2018-02-15 20:10:15.134 [main] Database - java.sql.SQLException: Can not issue empty query.
[INFO ] 2018-02-15 20:10:15.142 [main] PatientDao - patient Patient {First Name ='Calvinator', Last Name ='Prinsloo', Diagnosis ='iliotibial band syndrome', Referred by='Dr. Venter', Street Name ='415 North Ridge Drive', City        ='Waunakee', State       ='WI', Postal Code ='53597'}
[INFO ] 2018-02-15 20:10:15.183 [main] PatientDaoTest - name should be updated Calvinator
[ERROR] 2018-02-15 20:10:15.205 [main] Database - java.sql.SQLException: Can not issue empty query.
[DEBUG] 2018-02-15 20:10:15.206 [main] PatientDao - lastname 
[ERROR] 2018-02-15 20:10:15.233 [main] Database - java.sql.SQLException: Can not issue empty query.
[ERROR] 2018-02-15 20:10:15.278 [main] Database - java.sql.SQLException: Can not issue empty query.
[ERROR] 2018-02-15 20:13:34.847 [main] Database - java.sql.SQLException: Can not issue empty query.
[ERROR] 2018-02-15 20:13:35.064 [main] Database - java.sql.SQLException: Can not issue empty query.
[DEBUG] 2018-02-15 20:13:35.064 [main] PatientDao - Searching for Patient with firstName = Calvin
[ERROR] 2018-02-15 20:13:35.395 [main] Database - java.sql.SQLException: Can not issue empty query.
[DEBUG] 2018-02-15 20:13:35.395 [main] PatientDao - lastname Gerber
[ERROR] 2018-02-15 20:13:35.427 [main] Database - java.sql.SQLException: Can not issue empty query.
[INFO ] 2018-02-15 20:13:35.433 [main] PatientDao - patient Patient {First Name ='Calvinator', Last Name ='Prinsloo', Diagnosis ='iliotibial band syndrome', Referred by='Dr. Venter', Street Name ='415 North Ridge Drive', City        ='Waunakee', State       ='WI', Postal Code ='53597'}
[INFO ] 2018-02-15 20:13:35.469 [main] PatientDaoTest - name should be updated Calvinator
[ERROR] 2018-02-15 20:13:35.490 [main] Database - java.sql.SQLException: Can not issue empty query.
[DEBUG] 2018-02-15 20:13:35.490 [main] PatientDao - lastname 
[ERROR] 2018-02-15 20:13:35.513 [main] Database - java.sql.SQLException: Can not issue empty query.
[ERROR] 2018-02-15 20:13:35.548 [main] Database - java.sql.SQLException: Can not issue empty query.
[ERROR] 2018-02-15 20:14:54.375 [main] Database - java.sql.SQLException: Can not issue empty query.
[ERROR] 2018-02-15 20:14:54.615 [main] Database - java.sql.SQLException: Can not issue empty query.
[DEBUG] 2018-02-15 20:14:54.616 [main] PatientDao - Searching for Patient with firstName = Calvin
[ERROR] 2018-02-15 20:14:55.156 [main] Database - java.sql.SQLException: Can not issue empty query.
[DEBUG] 2018-02-15 20:14:55.157 [main] PatientDao - lastname Gerber
[ERROR] 2018-02-15 20:14:55.200 [main] Database - java.sql.SQLException: Can not issue empty query.
[INFO ] 2018-02-15 20:14:55.206 [main] PatientDao - patient Patient {First Name ='Calvinator', Last Name ='Prinsloo', Diagnosis ='iliotibial band syndrome', Referred by='Dr. Venter', Street Name ='415 North Ridge Drive', City        ='Waunakee', State       ='WI', Postal Code ='53597'}
[INFO ] 2018-02-15 20:14:55.269 [main] PatientDaoTest - name should be updated Calvinator
[ERROR] 2018-02-15 20:14:55.297 [main] Database - java.sql.SQLException: Can not issue empty query.
[DEBUG] 2018-02-15 20:14:55.298 [main] PatientDao - lastname 
[ERROR] 2018-02-15 20:14:55.327 [main] Database - java.sql.SQLException: Can not issue empty query.
[ERROR] 2018-02-15 20:14:55.381 [main] Database - java.sql.SQLException: Can not issue empty query.
[ERROR] 2018-02-15 20:15:43.594 [main] Database - java.sql.SQLException: Can not issue empty query.
[ERROR] 2018-02-15 20:15:43.821 [main] Database - java.sql.SQLException: Can not issue empty query.
[DEBUG] 2018-02-15 20:15:43.823 [main] PatientDao - Searching for Patient with firstName = Calvin
[ERROR] 2018-02-15 20:15:44.153 [main] Database - java.sql.SQLException: Can not issue empty query.
[DEBUG] 2018-02-15 20:15:44.153 [main] PatientDao - lastname Gerber
[ERROR] 2018-02-15 20:15:44.181 [main] Database - java.sql.SQLException: Can not issue empty query.
[INFO ] 2018-02-15 20:15:44.186 [main] PatientDao - patient Patient {First Name ='Calvinator', Last Name ='Prinsloo', Diagnosis ='iliotibial band syndrome', Referred by='Dr. Venter', Street Name ='415 North Ridge Drive', City        ='Waunakee', State       ='WI', Postal Code ='53597'}
[INFO ] 2018-02-15 20:15:44.219 [main] PatientDaoTest - name should be updated Calvinator
[ERROR] 2018-02-15 20:15:44.240 [main] Database - java.sql.SQLException: Can not issue empty query.
[DEBUG] 2018-02-15 20:15:44.241 [main] PatientDao - lastname 
[ERROR] 2018-02-15 20:15:44.265 [main] Database - java.sql.SQLException: Can not issue empty query.
[ERROR] 2018-02-15 20:15:44.301 [main] Database - java.sql.SQLException: Can not issue empty query.
[ERROR] 2018-02-15 20:18:01.324 [main] Database - java.sql.SQLException: Can not issue empty query.
[ERROR] 2018-02-15 20:18:01.615 [main] Database - java.sql.SQLException: Can not issue empty query.
[DEBUG] 2018-02-15 20:18:01.617 [main] PatientDao - Searching for Patient with firstName = Calvin
[ERROR] 2018-02-15 20:18:01.926 [main] Database - java.sql.SQLException: Can not issue empty query.
[DEBUG] 2018-02-15 20:18:01.927 [main] PatientDao - lastname Gerber
[ERROR] 2018-02-15 20:18:01.954 [main] Database - java.sql.SQLException: Can not issue empty query.
[INFO ] 2018-02-15 20:18:01.961 [main] PatientDao - patient Patient {First Name ='Calvinator', Last Name ='Prinsloo', Diagnosis ='iliotibial band syndrome', Referred by='Dr. Venter', Street Name ='415 North Ridge Drive', City        ='Waunakee', State       ='WI', Postal Code ='53597'}
[INFO ] 2018-02-15 20:18:02.002 [main] PatientDaoTest - name should be updated Calvinator
[ERROR] 2018-02-15 20:18:02.022 [main] Database - java.sql.SQLException: Can not issue empty query.
[DEBUG] 2018-02-15 20:18:02.023 [main] PatientDao - lastname 
[ERROR] 2018-02-15 20:18:02.047 [main] Database - java.sql.SQLException: Can not issue empty query.
[ERROR] 2018-02-15 20:18:02.087 [main] Database - java.sql.SQLException: Can not issue empty query.
